[ERROR] NoSuchElementException - Отсутствие элемента: не в состоянии найти элемент с текстом 'Куплю гараж'
[ERROR] NoSuchElementException - Отсутствие элемента: не в состоянии найти элемент с текстом 'Возьму в ипотеку под 1%'
[ERROR] NoSuchElementException - Отсутствие элемента: не в состоянии найти элемент с текстом 'Какой-то нелепый текст'
[ERROR] NoSuchElementException - Отсутствие элемента: не в состоянии найти элемент с текстом 'У меня кончилась фантазия'
